Start testing: Mar 11 15:00 CST
----------------------------------------------------------
1/5 Testing: Stress.Sleep
1/5 Test: Stress.Sleep
Command: "/home/zc/Projects/others/req1/test_package/build/gcc-13-x86_64-17-debug/stress_tests" "--gtest_filter=Stress.Sleep" "--gtest_also_run_disabled_tests"
Directory: /home/zc/Projects/others/req1/test_package/build/gcc-13-x86_64-17-debug
"Stress.Sleep" start time: Mar 11 15:00 CST
Output:
----------------------------------------------------------
Note: Google Test filter = Stress.Sleep
[==========] Running 1 test from 1 test suite.
[----------] Global test environment set-up.
[----------] 1 test from Stress
[ RUN      ] Stress.Sleep
[       OK ] Stress.Sleep (3000 ms)
[----------] 1 test from Stress (3000 ms total)

[----------] Global test environment tear-down
[==========] 1 test from 1 test suite ran. (3000 ms total)
[  PASSED  ] 1 test.
<end of output>
Test time =   3.00 sec
----------------------------------------------------------
Test Passed.
"Stress.Sleep" end time: Mar 11 15:00 CST
"Stress.Sleep" time elapsed: 00:00:03
----------------------------------------------------------

2/5 Testing: Stress.Network
2/5 Test: Stress.Network
Command: "/home/zc/Projects/others/req1/test_package/build/gcc-13-x86_64-17-debug/stress_tests" "--gtest_filter=Stress.Network" "--gtest_also_run_disabled_tests"
Directory: /home/zc/Projects/others/req1/test_package/build/gcc-13-x86_64-17-debug
"Stress.Network" start time: Mar 11 15:00 CST
Output:
----------------------------------------------------------
Note: Google Test filter = Stress.Network
[==========] Running 1 test from 1 test suite.
[----------] Global test environment set-up.
[----------] 1 test from Stress
[ RUN      ] Stress.Network
[       OK ] Stress.Network (0 ms)
[----------] 1 test from Stress (0 ms total)

[----------] Global test environment tear-down
[==========] 1 test from 1 test suite ran. (0 ms total)
[  PASSED  ] 1 test.
<end of output>
Test time =   0.00 sec
----------------------------------------------------------
Test Passed.
"Stress.Network" end time: Mar 11 15:00 CST
"Stress.Network" time elapsed: 00:00:00
----------------------------------------------------------

3/5 Testing: Title1.Tag1
3/5 Test: Title1.Tag1
Command: "/home/zc/Projects/others/req1/test_package/build/gcc-13-x86_64-17-debug/unit_tests" "--gtest_filter=Title1.Tag1" "--gtest_also_run_disabled_tests"
Directory: /home/zc/Projects/others/req1/test_package/build/gcc-13-x86_64-17-debug
"Title1.Tag1" start time: Mar 11 15:00 CST
Output:
----------------------------------------------------------
Note: Google Test filter = Title1.Tag1
[==========] Running 1 test from 1 test suite.
[----------] Global test environment set-up.
[----------] 1 test from Title1
[ RUN      ] Title1.Tag1
[       OK ] Title1.Tag1 (0 ms)
[----------] 1 test from Title1 (0 ms total)

[----------] Global test environment tear-down
[==========] 1 test from 1 test suite ran. (0 ms total)
[  PASSED  ] 1 test.
<end of output>
Test time =   0.00 sec
----------------------------------------------------------
Test Passed.
"Title1.Tag1" end time: Mar 11 15:00 CST
"Title1.Tag1" time elapsed: 00:00:00
----------------------------------------------------------

4/5 Testing: Title1.Tag2
4/5 Test: Title1.Tag2
Command: "/home/zc/Projects/others/req1/test_package/build/gcc-13-x86_64-17-debug/unit_tests" "--gtest_filter=Title1.Tag2" "--gtest_also_run_disabled_tests"
Directory: /home/zc/Projects/others/req1/test_package/build/gcc-13-x86_64-17-debug
"Title1.Tag2" start time: Mar 11 15:00 CST
Output:
----------------------------------------------------------
Note: Google Test filter = Title1.Tag2
[==========] Running 1 test from 1 test suite.
[----------] Global test environment set-up.
[----------] 1 test from Title1
[ RUN      ] Title1.Tag2
[       OK ] Title1.Tag2 (0 ms)
[----------] 1 test from Title1 (0 ms total)

[----------] Global test environment tear-down
[==========] 1 test from 1 test suite ran. (0 ms total)
[  PASSED  ] 1 test.
<end of output>
Test time =   0.00 sec
----------------------------------------------------------
Test Passed.
"Title1.Tag2" end time: Mar 11 15:00 CST
"Title1.Tag2" time elapsed: 00:00:00
----------------------------------------------------------

5/5 Testing: Title2.Tag1
5/5 Test: Title2.Tag1
Command: "/home/zc/Projects/others/req1/test_package/build/gcc-13-x86_64-17-debug/unit_tests" "--gtest_filter=Title2.Tag1" "--gtest_also_run_disabled_tests"
Directory: /home/zc/Projects/others/req1/test_package/build/gcc-13-x86_64-17-debug
"Title2.Tag1" start time: Mar 11 15:00 CST
Output:
----------------------------------------------------------
Note: Google Test filter = Title2.Tag1
[==========] Running 1 test from 1 test suite.
[----------] Global test environment set-up.
[----------] 1 test from Title2
[ RUN      ] Title2.Tag1
[       OK ] Title2.Tag1 (0 ms)
[----------] 1 test from Title2 (0 ms total)

[----------] Global test environment tear-down
[==========] 1 test from 1 test suite ran. (0 ms total)
[  PASSED  ] 1 test.
<end of output>
Test time =   0.00 sec
----------------------------------------------------------
Test Passed.
"Title2.Tag1" end time: Mar 11 15:00 CST
"Title2.Tag1" time elapsed: 00:00:00
----------------------------------------------------------

End testing: Mar 11 15:00 CST
